#
# A fatal error has been detected by the Java Runtime Environment:
#
#  SIGSEGV (0xb) at pc=0x00000001094232be, pid=31408, tid=16647
#
# JRE version: Java(TM) SE Runtime Environment (8.0_25-b17) (build 1.8.0_25-b17)
# Java VM: Java HotSpot(TM) 64-Bit Server VM (25.25-b02 mixed mode bsd-amd64 compressed oops)
# Problematic frame:
# V  [libjvm.dylib+0x4232be]  Method::checked_resolve_jmethod_id(_jmethodID*)+0x1c
#
# Failed to write core dump. Core dumps have been disabled. To enable core dumping, try "ulimit -c unlimited" before starting Java again
#
# If you would like to submit a bug report, please visit:
#   http://bugreport.sun.com/bugreport/crash.jsp
#

---------------  T H R E A D  ---------------

Current thread (0x00007ffc7b00e000):  JavaThread "JDWP Transport Listener: dt_socket" daemon [_thread_in_vm, id=16647, stack(0x0000700002fcc000,0x00007000030cc000)]

siginfo: si_signo: 11 (SIGSEGV), si_code: 1 (SEGV_MAPERR), si_addr: 0x0000000000010101

Registers:
RAX=0x0000000000000001, RBX=0x0000000000010101, RCX=0x00000001097d6c80, RDX=0x00007000030cba8b
RSP=0x00007000030cb9d0, RBP=0x00007000030cb9e0, RSI=0x00007ffc7b00e000, RDI=0x00007ffc7c2e47b0
R8 =0x0000000000000000, R9 =0x00007ffc7c2b6530, R10=0x000007ffc7c2e644, R11=0x0000000000000001
R12=0x00007ffc7b00e000, R13=0x00007ffc7c2e47b0, R14=0x00007ffc7c2e47b0, R15=0x00007ffc79d0eb40
RIP=0x00000001094232be, EFLAGS=0x0000000000010216, ERR=0x0000000000000004
  TRAPNO=0x000000000000000e

Top of Stack: (sp=0x00007000030cb9d0)
0x00007000030cb9d0:   00007000030cba8b 00007000030cba8b
0x00007000030cb9e0:   00007000030cba40 000000010933526e
0x00007000030cb9f0:   00007ffc7b00e000 0000000000000000
0x00007000030cba00:   0000000000000000 0000000000000000
0x00007000030cba10:   00007ffc7b00e000 00007ffc7b00e000
0x00007000030cba20:   00007000030cba8b 00007000030cba90
0x00007000030cba30:   00007ffc7c2e47b0 000000000000000e
0x00007000030cba40:   00007000030cba60 0000000109f707dc
0x00007000030cba50:   0000000000000001 00007000030cbb08
0x00007000030cba60:   00007000030cbad0 0000000109f55263
0x00007000030cba70:   00007000030cbaa0 00007ffc7c2e45a0
0x00007000030cba80:   0000000f00000032 00000008000cbb08
0x00007000030cba90:   0000000000000000 0000000000000000
0x00007000030cbaa0:   0000000000000000 00007000030cbc90
0x00007000030cbab0:   0000000109f77eca 00007ffc7c2e6420
0x00007000030cbac0:   00007000030cbb08 0000000109f83588
0x00007000030cbad0:   00007000030cbae0 0000000109f5535c
0x00007000030cbae0:   00007000030cbd00 0000000109f5e8f6
0x00007000030cbaf0:   0004580400000013 00000000000f0200
0x00007000030cbb00:   00007ffc7c2b67f0 00007ffc7d31797e
0x00007000030cbb10:   0000000000000332 00007ffc79c89b50
0x00007000030cbb20:   000001000000012c 00007000030cbb58
0x00007000030cbb30:   00007ffc79c89c50 00007f0000000000
0x00007000030cbb40:   000458040000000f 00007ffc0000bb80
0x00007000030cbb50:   00007000030cbb58 fc7f00000f000000
0x00007000030cbb60:   0d000000a8e33d7c 64246164626d616c
0x00007000030cbb70:   0000003324706d75 62612f6f694c2851
0x00007000030cbb80:   6172616c6b6c7564 617275656e2f6c70
0x00007000030cbb90:   6e656d656c652f6c 7370616e79532f74
0x00007000030cbba0:   612f6f694c293b65 72616c6b6c756462
0x00007000030cbbb0:   7275656e2f6c7061 656d656c652f6c61
0x00007000030cbbc0:   6f7275654e2f746e 00f0000000003b6e 

Instructions: (pc=0x00000001094232be)
0x000000010942329e:   31 c0 5d c3 55 48 89 e5 53 48 83 ec 08 48 85 ff
0x00000001094232ae:   74 24 48 8b 1f 48 85 db 74 1c 48 83 fb 37 74 16
0x00000001094232be:   48 8b 03 48 89 df ff 50 10 84 c0 b8 00 00 00 00
0x00000001094232ce:   48 0f 45 c3 eb 02 31 c0 48 83 c4 08 5b 5d c3 90 

Register to memory mapping:

RAX=0x0000000000000001 is an unknown value
RBX=0x0000000000010101 is an unknown value
RCX=0x00000001097d6c80: UseMembar+0 in /Library/Java/JavaVirtualMachines/jdk1.8.0_25.jdk/Contents/Home/jre/lib/server/libjvm.dylib at 0x0000000109000000
RDX=0x00007000030cba8b is pointing into the stack for thread: 0x00007ffc7b00e000
RSP=0x00007000030cb9d0 is pointing into the stack for thread: 0x00007ffc7b00e000
RBP=0x00007000030cb9e0 is pointing into the stack for thread: 0x00007ffc7b00e000
RSI=0x00007ffc7b00e000 is a thread
RDI=0x00007ffc7c2e47b0 is an unknown value
R8 =0x0000000000000000 is an unknown value
R9 =0x00007ffc7c2b6530 is an unknown value
R10=0x000007ffc7c2e644 is an unknown value
R11=0x0000000000000001 is an unknown value
R12=0x00007ffc7b00e000 is a thread
R13=0x00007ffc7c2e47b0 is an unknown value
R14=0x00007ffc7c2e47b0 is an unknown value
R15=0x00007ffc79d0eb40 is an unknown value


Stack: [0x0000700002fcc000,0x00007000030cc000],  sp=0x00007000030cb9d0,  free space=1022k
Native frames: (J=compiled Java code, j=interpreted, Vv=VM code, C=native code)
V  [libjvm.dylib+0x4232be]  Method::checked_resolve_jmethod_id(_jmethodID*)+0x1c
V  [libjvm.dylib+0x33526e]  jvmti_IsMethodSynthetic+0xb2
C  [libjdwp.dylib+0x207dc]  isMethodSynthetic+0x63
C  [libjdwp.dylib+0x5263]  methods1+0x10b
C  [libjdwp.dylib+0x535c]  methodsWithGeneric+0xe
C  [libjdwp.dylib+0xe8f6]  debugLoop_run+0x1ce
C  [libjdwp.dylib+0x1f716]  attachThread+0x4d
V  [libjvm.dylib+0x3762ce]  JvmtiAgentThread::call_start_function()+0x38
V  [libjvm.dylib+0x535ed9]  JavaThread::thread_main_inner()+0x9b
V  [libjvm.dylib+0x53761c]  JavaThread::run()+0x1c2
V  [libjvm.dylib+0x45d87e]  java_start(Thread*)+0xf6
C  [libsystem_pthread.dylib+0x36c1]  _pthread_body+0x154
C  [libsystem_pthread.dylib+0x356d]  _pthread_body+0x0
C  [libsystem_pthread.dylib+0x2c5d]  thread_start+0xd
C  0x0000000000000000


---------------  P R O C E S S  ---------------

Java Threads: ( => current thread )
  0x00007ffc7d117800 JavaThread "http-nio-8080-exec-10" daemon [_thread_blocked, id=28419, stack(0x0000700004814000,0x0000700004914000)]
  0x00007ffc7e21b000 JavaThread "http-nio-8080-exec-9" daemon [_thread_blocked, id=27907, stack(0x0000700004711000,0x0000700004811000)]
  0x00007ffc7e21a800 JavaThread "http-nio-8080-exec-8" daemon [_thread_blocked, id=27395, stack(0x000070000460e000,0x000070000470e000)]
  0x00007ffc7d92a800 JavaThread "http-nio-8080-exec-7" daemon [_thread_blocked, id=26883, stack(0x000070000450b000,0x000070000460b000)]
  0x00007ffc7e215000 JavaThread "http-nio-8080-exec-6" daemon [_thread_blocked, id=26371, stack(0x0000700004408000,0x0000700004508000)]
  0x00007ffc7d8bd000 JavaThread "http-nio-8080-exec-5" daemon [_thread_blocked, id=25859, stack(0x0000700004305000,0x0000700004405000)]
  0x00007ffc7e128000 JavaThread "http-nio-8080-exec-4" daemon [_thread_blocked, id=25347, stack(0x0000700004202000,0x0000700004302000)]
  0x00007ffc7da0b000 JavaThread "http-nio-8080-exec-3" daemon [_thread_blocked, id=24835, stack(0x00007000040ff000,0x00007000041ff000)]
  0x00007ffc7d0c4000 JavaThread "http-nio-8080-exec-2" daemon [_thread_blocked, id=21511, stack(0x00007000038e7000,0x00007000039e7000)]
  0x00007ffc7d0c2800 JavaThread "http-nio-8080-exec-1" daemon [_thread_blocked, id=21255, stack(0x00007000037e4000,0x00007000038e4000)]
  0x00007ffc7d9f6000 JavaThread "DestroyJavaVM" [_thread_blocked, id=6659, stack(0x00007000026b1000,0x00007000027b1000)]
  0x00007ffc7d854000 JavaThread "http-nio-8080-AsyncTimeout" daemon [_thread_blocked, id=24323, stack(0x0000700003ffc000,0x00007000040fc000)]
  0x00007ffc7e187800 JavaThread "http-nio-8080-Acceptor-0" daemon [_thread_in_native, id=23811, stack(0x0000700003ef9000,0x0000700003ff9000)]
  0x00007ffc7db18800 JavaThread "http-nio-8080-ClientPoller-1" daemon [_thread_in_native, id=23299, stack(0x0000700003df6000,0x0000700003ef6000)]
  0x00007ffc7a514800 JavaThread "http-nio-8080-ClientPoller-0" daemon [_thread_in_native, id=22787, stack(0x0000700003cf3000,0x0000700003df3000)]
  0x00007ffc7a515000 JavaThread "NioBlockingSelector.BlockPoller-1" daemon [_thread_in_native, id=3847, stack(0x0000700003bf0000,0x0000700003cf0000)]
  0x00007ffc7aa50000 JavaThread "container-0" [_thread_blocked, id=22275, stack(0x0000700003aed000,0x0000700003bed000)]
  0x00007ffc7a1e6800 JavaThread "ContainerBackgroundProcessor[StandardEngine[Tomcat]]" daemon [_thread_blocked, id=21763, stack(0x00007000039ea000,0x0000700003aea000)]
  0x00007ffc7a80f800 JavaThread "Service Thread" daemon [_thread_blocked, id=19715, stack(0x00007000035de000,0x00007000036de000)]
  0x00007ffc7a051800 JavaThread "C1 CompilerThread2" daemon [_thread_blocked, id=19203, stack(0x00007000034db000,0x00007000035db000)]
  0x00007ffc7a050800 JavaThread "C2 CompilerThread1" daemon [_thread_blocked, id=18691, stack(0x00007000033d8000,0x00007000034d8000)]
  0x00007ffc7b00f800 JavaThread "C2 CompilerThread0" daemon [_thread_blocked, id=18179, stack(0x00007000032d5000,0x00007000033d5000)]
  0x00007ffc7a80e800 JavaThread "JDWP Command Reader" daemon [_thread_in_native, id=17667, stack(0x00007000031d2000,0x00007000032d2000)]
  0x00007ffc7b851000 JavaThread "JDWP Event Helper Thread" daemon [_thread_blocked, id=17155, stack(0x00007000030cf000,0x00007000031cf000)]
=>0x00007ffc7b00e000 JavaThread "JDWP Transport Listener: dt_socket" daemon [_thread_in_vm, id=16647, stack(0x0000700002fcc000,0x00007000030cc000)]
  0x00007ffc7a014000 JavaThread "Signal Dispatcher" daemon [_thread_blocked, id=16135, stack(0x0000700002ec9000,0x0000700002fc9000)]
  0x00007ffc7a013000 JavaThread "Finalizer" daemon [_thread_blocked, id=12803, stack(0x0000700002dc6000,0x0000700002ec6000)]
  0x00007ffc7a012800 JavaThread "Reference Handler" daemon [_thread_blocked, id=12291, stack(0x0000700002cc3000,0x0000700002dc3000)]

Other Threads:
  0x00007ffc7a001800 VMThread [stack: 0x0000700002bc0000,0x0000700002cc0000] [id=11779]
  0x00007ffc7a80d800 WatcherThread [stack: 0x00007000036e1000,0x00007000037e1000] [id=20227]

VM state:not at safepoint (normal execution)

VM Mutex/Monitor currently owned by a thread: None

Heap:
 PSYoungGen      total 214016K, used 80052K [0x000000076ab00000, 0x0000000779f00000, 0x00000007c0000000)
  eden space 195072K, 41% used [0x000000076ab00000,0x000000076f92d390,0x0000000776980000)
  from space 18944K, 0% used [0x0000000777e80000,0x0000000777e80000,0x0000000779100000)
  to   space 21504K, 0% used [0x0000000776980000,0x0000000776980000,0x0000000777e80000)
 ParOldGen       total 134656K, used 27025K [0x00000006c0000000, 0x00000006c8380000, 0x000000076ab00000)
  object space 134656K, 20% used [0x00000006c0000000,0x00000006c1a64628,0x00000006c8380000)
 Metaspace       used 35971K, capacity 36358K, committed 36648K, reserved 1081344K
  class space    used 4345K, capacity 4446K, committed 4480K, reserved 1048576K

Card table byte_map: [0x000000010a3a4000,0x000000010aba5000] byte_map_base: 0x0000000106da4000

Marking Bits: (ParMarkBitMap*) 0x000000010989d390
 Begin Bits: [0x000000011a28e000, 0x000000011e28e000)
 End Bits:   [0x000000011e28e000, 0x000000012228e000)

Polling page: 0x00000001087ee000

CodeCache: size=245760Kb used=12985Kb max_used=13204Kb free=232774Kb
 bounds [0x000000010ad38000, 0x000000010ba38000, 0x0000000119d38000]
 total_blobs=4039 nmethods=3374 adapters=586
 compilation: enabled

Compilation events (10 events):
Event: 431.518 Thread 0x00007ffc7a051800 nmethod 3910 0x000000010b4e4dd0 code [0x000000010b4e4f40, 0x000000010b4e51c8]
Event: 431.522 Thread 0x00007ffc7a051800 3911       3       sun.net.www.protocol.jar.JarURLConnection::getJarFile (9 bytes)
Event: 431.522 Thread 0x00007ffc7a051800 nmethod 3911 0x000000010b4f0190 code [0x000000010b4f0300, 0x000000010b4f04a8]
Event: 431.522 Thread 0x00007ffc7a050800 3912  s    4       java.util.Hashtable::get (69 bytes)
Event: 431.522 Thread 0x00007ffc7a051800 3913       3       java.lang.Integer::parseInt (7 bytes)
Event: 431.523 Thread 0x00007ffc7a051800 nmethod 3913 0x000000010b4efd90 code [0x000000010b4eff00, 0x000000010b4f0088]
Event: 431.523 Thread 0x00007ffc7a051800 3914       3       java.util.Properties::getProperty (46 bytes)
Event: 431.523 Thread 0x00007ffc7a051800 nmethod 3914 0x000000010b4e3750 code [0x000000010b4e38e0, 0x000000010b4e3e18]
Event: 431.529 Thread 0x00007ffc7a050800 nmethod 3912 0x000000010b4e6190 code [0x000000010b4e6300, 0x000000010b4e6a98]
Event: 431.588 Thread 0x00007ffc7b00f800 nmethod 3908 0x000000010b46c1d0 code [0x000000010b46c540, 0x000000010b46fc20]

GC Heap History (10 events):
Event: 3.340 GC heap before
{Heap before GC invocations=4 (full 1):
 PSYoungGen      total 76288K, used 9809K [0x000000076ab00000, 0x0000000774000000, 0x00000007c0000000)
  eden space 65536K, 0% used [0x000000076ab00000,0x000000076ab00000,0x000000076eb00000)
  from space 10752K, 91% used [0x000000076eb00000,0x000000076f494650,0x000000076f580000)
  to   space 10752K, 0% used [0x0000000773580000,0x0000000773580000,0x0000000774000000)
 ParOldGen       total 175104K, used 3919K [0x00000006c0000000, 0x00000006cab00000, 0x000000076ab00000)
  object space 175104K, 2% used [0x00000006c0000000,0x00000006c03d3c20,0x00000006cab00000)
 Metaspace       used 20930K, capacity 21120K, committed 21296K, reserved 1069056K
  class space    used 2504K, capacity 2567K, committed 2688K, reserved 1048576K
Event: 3.392 GC heap after
Heap after GC invocations=4 (full 1):
 PSYoungGen      total 76288K, used 0K [0x000000076ab00000, 0x0000000774000000, 0x00000007c0000000)
  eden space 65536K, 0% used [0x000000076ab00000,0x000000076ab00000,0x000000076eb00000)
  from space 10752K, 0% used [0x000000076eb00000,0x000000076eb00000,0x000000076f580000)
  to   space 10752K, 0% used [0x0000000773580000,0x0000000773580000,0x0000000774000000)
 ParOldGen       total 92672K, used 9780K [0x00000006c0000000, 0x00000006c5a80000, 0x000000076ab00000)
  object space 92672K, 10% used [0x00000006c0000000,0x00000006c098d1b8,0x00000006c5a80000)
 Metaspace       used 20929K, capacity 21118K, committed 21296K, reserved 1069056K
  class space    used 2503K, capacity 2566K, committed 2688K, reserved 1048576K
}
Event: 4.095 GC heap before
{Heap before GC invocations=5 (full 1):
 PSYoungGen      total 76288K, used 65536K [0x000000076ab00000, 0x0000000774000000, 0x00000007c0000000)
  eden space 65536K, 100% used [0x000000076ab00000,0x000000076eb00000,0x000000076eb00000)
  from space 10752K, 0% used [0x000000076eb00000,0x000000076eb00000,0x000000076f580000)
  to   space 10752K, 0% used [0x0000000773580000,0x0000000773580000,0x0000000774000000)
 ParOldGen       total 92672K, used 9780K [0x00000006c0000000, 0x00000006c5a80000, 0x000000076ab00000)
  object space 92672K, 10% used [0x00000006c0000000,0x00000006c098d1b8,0x00000006c5a80000)
 Metaspace       used 23538K, capacity 23758K, committed 23936K, reserved 1071104K
  class space    used 2821K, capacity 2862K, committed 2944K, reserved 1048576K
Event: 4.100 GC heap after
Heap after GC invocations=5 (full 1):
 PSYoungGen      total 119808K, used 4199K [0x000000076ab00000, 0x0000000773a00000, 0x00000007c0000000)
  eden space 115200K, 0% used [0x000000076ab00000,0x000000076ab00000,0x0000000771b80000)
  from space 4608K, 91% used [0x0000000773580000,0x0000000773999f48,0x0000000773a00000)
  to   space 10752K, 0% used [0x0000000772500000,0x0000000772500000,0x0000000772f80000)
 ParOldGen       total 92672K, used 9788K [0x00000006c0000000, 0x00000006c5a80000, 0x000000076ab00000)
  object space 92672K, 10% used [0x00000006c0000000,0x00000006c098f1b8,0x00000006c5a80000)
 Metaspace       used 23538K, capacity 23758K, committed 23936K, reserved 1071104K
  class space    used 2821K, capacity 2862K, committed 2944K, reserved 1048576K
}
Event: 5.587 GC heap before
{Heap before GC invocations=6 (full 1):
 PSYoungGen      total 119808K, used 119399K [0x000000076ab00000, 0x0000000773a00000, 0x00000007c0000000)
  eden space 115200K, 100% used [0x000000076ab00000,0x0000000771b80000,0x0000000771b80000)
  from space 4608K, 91% used [0x0000000773580000,0x0000000773999f48,0x0000000773a00000)
  to   space 10752K, 0% used [0x0000000772500000,0x0000000772500000,0x0000000772f80000)
 ParOldGen       total 92672K, used 9788K [0x00000006c0000000, 0x00000006c5a80000, 0x000000076ab00000)
  object space 92672K, 10% used [0x00000006c0000000,0x00000006c098f1b8,0x00000006c5a80000)
 Metaspace       used 29384K, capacity 29688K, committed 30080K, reserved 1075200K
  class space    used 3544K, capacity 3593K, committed 3712K, reserved 1048576K
Event: 5.607 GC heap after
Heap after GC invocations=6 (full 1):
 PSYoungGen      total 135680K, used 10740K [0x000000076ab00000, 0x0000000779100000, 0x00000007c0000000)
  eden space 124928K, 0% used [0x000000076ab00000,0x000000076ab00000,0x0000000772500000)
  from space 10752K, 99% used [0x0000000772500000,0x0000000772f7d050,0x0000000772f80000)
  to   space 18944K, 0% used [0x0000000777e80000,0x0000000777e80000,0x0000000779100000)
 ParOldGen       total 92672K, used 14934K [0x00000006c0000000, 0x00000006c5a80000, 0x000000076ab00000)
  object space 92672K, 16% used [0x00000006c0000000,0x00000006c0e95b88,0x00000006c5a80000)
 Metaspace       used 29384K, capacity 29688K, committed 30080K, reserved 1075200K
  class space    used 3544K, capacity 3593K, committed 3712K, reserved 1048576K
}
Event: 19.145 GC heap before
{Heap before GC invocations=7 (full 1):
 PSYoungGen      total 135680K, used 122272K [0x000000076ab00000, 0x0000000779100000, 0x00000007c0000000)
  eden space 124928K, 89% used [0x000000076ab00000,0x00000007717eb1e0,0x0000000772500000)
  from space 10752K, 99% used [0x0000000772500000,0x0000000772f7d050,0x0000000772f80000)
  to   space 18944K, 0% used [0x0000000777e80000,0x0000000777e80000,0x0000000779100000)
 ParOldGen       total 92672K, used 14934K [0x00000006c0000000, 0x00000006c5a80000, 0x000000076ab00000)
  object space 92672K, 16% used [0x00000006c0000000,0x00000006c0e95b88,0x00000006c5a80000)
 Metaspace       used 34952K, capacity 35236K, committed 35496K, reserved 1081344K
  class space    used 4209K, capacity 4289K, committed 4352K, reserved 1048576K
Event: 19.178 GC heap after
Heap after GC invocations=7 (full 1):
 PSYoungGen      total 214016K, used 17596K [0x000000076ab00000, 0x0000000779f00000, 0x00000007c0000000)
  eden space 195072K, 0% used [0x000000076ab00000,0x000000076ab00000,0x0000000776980000)
  from space 18944K, 92% used [0x0000000777e80000,0x0000000778faf220,0x0000000779100000)
  to   space 21504K, 0% used [0x0000000776980000,0x0000000776980000,0x0000000777e80000)
 ParOldGen       total 92672K, used 14942K [0x00000006c0000000, 0x00000006c5a80000, 0x000000076ab00000)
  object space 92672K, 16% used [0x00000006c0000000,0x00000006c0e97b88,0x00000006c5a80000)
 Metaspace       used 34952K, capacity 35236K, committed 35496K, reserved 1081344K
  class space    used 4209K, capacity 4289K, committed 4352K, reserved 1048576K
}
Event: 19.179 GC heap before
{Heap before GC invocations=8 (full 2):
 PSYoungGen      total 214016K, used 17596K [0x000000076ab00000, 0x0000000779f00000, 0x00000007c0000000)
  eden space 195072K, 0% used [0x000000076ab00000,0x000000076ab00000,0x0000000776980000)
  from space 18944K, 92% used [0x0000000777e80000,0x0000000778faf220,0x0000000779100000)
  to   space 21504K, 0% used [0x0000000776980000,0x0000000776980000,0x0000000777e80000)
 ParOldGen       total 92672K, used 14942K [0x00000006c0000000, 0x00000006c5a80000, 0x000000076ab00000)
  object space 92672K, 16% used [0x00000006c0000000,0x00000006c0e97b88,0x00000006c5a80000)
 Metaspace       used 34952K, capacity 35236K, committed 35496K, reserved 1081344K
  class space    used 4209K, capacity 4289K, committed 4352K, reserved 1048576K
Event: 19.297 GC heap after
Heap after GC invocations=8 (full 2):
 PSYoungGen      total 214016K, used 0K [0x000000076ab00000, 0x0000000779f00000, 0x00000007c0000000)
  eden space 195072K, 0% used [0x000000076ab00000,0x000000076ab00000,0x0000000776980000)
  from space 18944K, 0% used [0x0000000777e80000,0x0000000777e80000,0x0000000779100000)
  to   space 21504K, 0% used [0x0000000776980000,0x0000000776980000,0x0000000777e80000)
 ParOldGen       total 134656K, used 27025K [0x00000006c0000000, 0x00000006c8380000, 0x000000076ab00000)
  object space 134656K, 20% used [0x00000006c0000000,0x00000006c1a64628,0x00000006c8380000)
 Metaspace       used 34952K, capacity 35236K, committed 35496K, reserved 1081344K
  class space    used 4209K, capacity 4289K, committed 4352K, reserved 1048576K
}

Deoptimization events (10 events):
Event: 18.859 Thread 0x00007ffc7d0c2800 Uncommon trap: reason=class_check action=maybe_recompile pc=0x000000010b9213b4 method=java.util.TreeMap.put(Ljava/lang/Object;Ljava/lang/Object;)Ljava/lang/Object; @ 127
Event: 18.859 Thread 0x00007ffc7d0c2800 Uncommon trap: reason=class_check action=maybe_recompile pc=0x000000010b9213b4 method=java.util.TreeMap.put(Ljava/lang/Object;Ljava/lang/Object;)Ljava/lang/Object; @ 127
Event: 18.859 Thread 0x00007ffc7d0c2800 Uncommon trap: reason=class_check action=maybe_recompile pc=0x000000010b9213b4 method=java.util.TreeMap.put(Ljava/lang/Object;Ljava/lang/Object;)Ljava/lang/Object; @ 127
Event: 18.859 Thread 0x00007ffc7d0c2800 Uncommon trap: reason=class_check action=maybe_recompile pc=0x000000010b9213b4 method=java.util.TreeMap.put(Ljava/lang/Object;Ljava/lang/Object;)Ljava/lang/Object; @ 127
Event: 19.118 Thread 0x00007ffc7d0c2800 Uncommon trap: reason=unreached action=reinterpret pc=0x000000010b49fc84 method=sun.util.calendar.ZoneInfo.getOffsets(J[II)I @ 4
Event: 30.563 Thread 0x00007ffc7e215000 Uncommon trap: reason=class_check action=maybe_recompile pc=0x000000010b1ed9e8 method=java.util.concurrent.ConcurrentHashMap.putVal(Ljava/lang/Object;Ljava/lang/Object;Z)Ljava/lang/Object; @ 192
Event: 35.186 Thread 0x00007ffc7a1e6800 Uncommon trap: reason=predicate action=maybe_recompile pc=0x000000010b907b0c method=java.util.AbstractCollection.addAll(Ljava/util/Collection;)Z @ 18
Event: 431.462 Thread 0x00007ffc7d0c2800 Uncommon trap: reason=predicate action=maybe_recompile pc=0x000000010af47d70 method=java.util.ArrayList$ArrayListSpliterator.forEachRemaining(Ljava/util/function/Consumer;)V @ 90
Event: 431.463 Thread 0x00007ffc7d0c2800 Uncommon trap: reason=class_check action=maybe_recompile pc=0x000000010b463574 method=java.lang.Throwable.<init>(Ljava/lang/Throwable;)V @ 24
Event: 431.467 Thread 0x00007ffc7d0c2800 Uncommon trap: reason=bimorphic action=maybe_recompile pc=0x000000010af4e658 method=java.lang.Throwable.<init>(Ljava/lang/String;Ljava/lang/Throwable;)V @ 24

Internal exceptions (10 events):
Event: 431.509 Thread 0x00007ffc7d0c2800 Exception <a 'java/security/PrivilegedActionException'> (0x000000076f7f87c8) thrown at [/HUDSON3/workspace/8-2-build-macosx-x86_64/jdk8u25/1514/hotspot/src/share/vm/prims/jvm.cpp, line 1312]
Event: 431.512 Thread 0x00007ffc7d0c2800 Exception <a 'java/security/PrivilegedActionException'> (0x000000076f804940) thrown at [/HUDSON3/workspace/8-2-build-macosx-x86_64/jdk8u25/1514/hotspot/src/share/vm/prims/jvm.cpp, line 1312]
Event: 431.514 Thread 0x00007ffc7d0c2800 Exception <a 'java/security/PrivilegedActionException'> (0x000000076f814e00) thrown at [/HUDSON3/workspace/8-2-build-macosx-x86_64/jdk8u25/1514/hotspot/src/share/vm/prims/jvm.cpp, line 1312]
Event: 431.514 Thread 0x00007ffc7d0c2800 Exception <a 'java/security/PrivilegedActionException'> (0x000000076f81da40) thrown at [/HUDSON3/workspace/8-2-build-macosx-x86_64/jdk8u25/1514/hotspot/src/share/vm/prims/jvm.cpp, line 1312]
Event: 431.515 Thread 0x00007ffc7d0c2800 Exception <a 'java/security/PrivilegedActionException'> (0x000000076f82a6d8) thrown at [/HUDSON3/workspace/8-2-build-macosx-x86_64/jdk8u25/1514/hotspot/src/share/vm/prims/jvm.cpp, line 1312]
Event: 431.516 Thread 0x00007ffc7d0c2800 Exception <a 'java/security/PrivilegedActionException'> (0x000000076f8321d8) thrown at [/HUDSON3/workspace/8-2-build-macosx-x86_64/jdk8u25/1514/hotspot/src/share/vm/prims/jvm.cpp, line 1312]
Event: 431.517 Thread 0x00007ffc7d0c2800 Exception <a 'java/security/PrivilegedActionException'> (0x000000076f844d38) thrown at [/HUDSON3/workspace/8-2-build-macosx-x86_64/jdk8u25/1514/hotspot/src/share/vm/prims/jvm.cpp, line 1312]
Event: 431.518 Thread 0x00007ffc7d0c2800 Exception <a 'java/security/PrivilegedActionException'> (0x000000076f853748) thrown at [/HUDSON3/workspace/8-2-build-macosx-x86_64/jdk8u25/1514/hotspot/src/share/vm/prims/jvm.cpp, line 1312]
Event: 431.520 Thread 0x00007ffc7d0c2800 Exception <a 'java/security/PrivilegedActionException'> (0x000000076f8693f0) thrown at [/HUDSON3/workspace/8-2-build-macosx-x86_64/jdk8u25/1514/hotspot/src/share/vm/prims/jvm.cpp, line 1312]
Event: 431.520 Thread 0x00007ffc7d0c2800 Exception <a 'java/security/PrivilegedActionException'> (0x000000076f870e58) thrown at [/HUDSON3/workspace/8-2-build-macosx-x86_64/jdk8u25/1514/hotspot/src/share/vm/prims/jvm.cpp, line 1312]

Events (10 events):
Event: 431.518 Thread 0x00007ffc7d0c2800 DEOPT PACKING pc=0x000000010b42d1e0 sp=0x00007000038e1130
Event: 431.518 Thread 0x00007ffc7d0c2800 DEOPT UNPACKING pc=0x000000010ad7f373 sp=0x00007000038e0d00 mode 1
Event: 431.520 loading class org/springframework/web/util/HtmlUtils
Event: 431.520 loading class org/springframework/web/util/HtmlUtils done
Event: 431.520 Thread 0x00007ffc7d0c2800 DEOPT PACKING pc=0x000000010b42d1e0 sp=0x00007000038e1230
Event: 431.520 Thread 0x00007ffc7d0c2800 DEOPT UNPACKING pc=0x000000010ad7f373 sp=0x00007000038e0e00 mode 1
Event: 431.520 loading class org/springframework/web/util/HtmlCharacterEntityReferences
Event: 431.520 loading class org/springframework/web/util/HtmlCharacterEntityReferences done
Event: 431.520 Thread 0x00007ffc7d0c2800 DEOPT PACKING pc=0x000000010b42d1e0 sp=0x00007000038e0c90
Event: 431.520 Thread 0x00007ffc7d0c2800 DEOPT UNPACKING pc=0x000000010ad7f373 sp=0x00007000038e0860 mode 1


Dynamic libraries:
0x0000000004f49000 	/System/Library/Frameworks/Cocoa.framework/Versions/A/Cocoa
0x0000000004f49000 	/System/Library/Frameworks/Security.framework/Versions/A/Security
0x0000000004f49000 	/System/Library/Frameworks/ApplicationServices.framework/Versions/A/ApplicationServices
0x0000000004f49000 	/usr/lib/libz.1.dylib
0x0000000004f49000 	/usr/lib/libSystem.B.dylib
0x0000000004f49000 	/usr/lib/libobjc.A.dylib
0x0000000004f49000 	/System/Library/Frameworks/CoreFoundation.framework/Versions/A/CoreFoundation
0x0000000004f49000 	/System/Library/Frameworks/Foundation.framework/Versions/C/Foundation
0x0000000004f49000 	/System/Library/Frameworks/AppKit.framework/Versions/C/AppKit
0x0000000004f49000 	/System/Library/Frameworks/CoreData.framework/Versions/A/CoreData
0x0000000004f49000 	/System/Library/PrivateFrameworks/RemoteViewServices.framework/Versions/A/RemoteViewServices
0x0000000004f49000 	/System/Library/PrivateFrameworks/UIFoundation.framework/Versions/A/UIFoundation
0x0000000004f49000 	/System/Library/PrivateFrameworks/DFRFoundation.framework/Versions/A/DFRFoundation
0x0000000004f49000 	/System/Library/Frameworks/Metal.framework/Versions/A/Metal
0x0000000004f49000 	/System/Library/PrivateFrameworks/DesktopServicesPriv.framework/Versions/A/DesktopServicesPriv
0x0000000004f49000 	/usr/lib/libenergytrace.dylib
0x0000000004f49000 	/System/Library/PrivateFrameworks/SkyLight.framework/Versions/A/SkyLight
0x0000000004f49000 	/System/Library/Frameworks/CoreGraphics.framework/Versions/A/CoreGraphics
0x0000000004f49000 	/usr/lib/libScreenReader.dylib
0x0000000004f49000 	/System/Library/Frameworks/Accelerate.framework/Versions/A/Accelerate
0x0000000004f49000 	/System/Library/Frameworks/IOSurface.framework/Versions/A/IOSurface
0x0000000004f49000 	/System/Library/Frameworks/AudioToolbox.framework/Versions/A/AudioToolbox
0x0000000004f49000 	/System/Library/Frameworks/AudioUnit.framework/Versions/A/AudioUnit
0x0000000004f49000 	/System/Library/PrivateFrameworks/DataDetectorsCore.framework/Versions/A/DataDetectorsCore
0x0000000004f49000 	/System/Library/Frameworks/Carbon.framework/Versions/A/Frameworks/HIToolbox.framework/Versions/A/HIToolbox
0x0000000004f49000 	/usr/lib/libicucore.A.dylib
0x0000000004f49000 	/System/Library/Frameworks/QuartzCore.framework/Versions/A/QuartzCore
0x0000000004f49000 	/System/Library/Frameworks/Carbon.framework/Versions/A/Frameworks/SpeechRecognition.framework/Versions/A/SpeechRecognition
0x0000000004f49000 	/usr/lib/libauto.dylib
0x0000000004f49000 	/usr/lib/libxml2.2.dylib
0x0000000004f49000 	/System/Library/PrivateFrameworks/CoreUI.framework/Versions/A/CoreUI
0x0000000004f49000 	/System/Library/Frameworks/CoreAudio.framework/Versions/A/CoreAudio
0x0000000004f49000 	/System/Library/Frameworks/DiskArbitration.framework/Versions/A/DiskArbitration
0x0000000004f49000 	/usr/lib/liblangid.dylib
0x0000000004f49000 	/System/Library/PrivateFrameworks/MultitouchSupport.framework/Versions/A/MultitouchSupport
0x0000000004f49000 	/System/Library/Frameworks/IOKit.framework/Versions/A/IOKit
0x0000000004f49000 	/usr/lib/libDiagnosticMessagesClient.dylib
0x0000000004f49000 	/System/Library/Frameworks/CoreServices.framework/Versions/A/CoreServices
0x0000000004f49000 	/System/Library/PrivateFrameworks/PerformanceAnalysis.framework/Versions/A/PerformanceAnalysis
0x0000000004f49000 	/System/Library/Frameworks/OpenGL.framework/Versions/A/OpenGL
0x0000000004f49000 	/System/Library/Frameworks/ColorSync.framework/Versions/A/ColorSync
0x0000000004f49000 	/System/Library/Frameworks/CoreImage.framework/Versions/A/CoreImage
0x0000000004f49000 	/System/Library/Frameworks/CoreText.framework/Versions/A/CoreText
0x0000000004f49000 	/System/Library/Frameworks/ImageIO.framework/Versions/A/ImageIO
0x0000000004f49000 	/System/Library/PrivateFrameworks/Backup.framework/Versions/A/Backup
0x0000000004f49000 	/usr/lib/libarchive.2.dylib
0x0000000004f49000 	/System/Library/Frameworks/CFNetwork.framework/Versions/A/CFNetwork
0x0000000004f49000 	/System/Library/Frameworks/SystemConfiguration.framework/Versions/A/SystemConfiguration
0x0000000004f49000 	/usr/lib/libCRFSuite.dylib
0x0000000004f49000 	/usr/lib/libc++.1.dylib
0x0000000004f49000 	/usr/lib/libc++abi.dylib
0x0000000004f49000 	/usr/lib/system/libcache.dylib
0x0000000004f49000 	/usr/lib/system/libcommonCrypto.dylib
0x0000000004f49000 	/usr/lib/system/libcompiler_rt.dylib
0x0000000004f49000 	/usr/lib/system/libcopyfile.dylib
0x0000000004f49000 	/usr/lib/system/libcorecrypto.dylib
0x0000000004f49000 	/usr/lib/system/libdispatch.dylib
0x0000000004f49000 	/usr/lib/system/libdyld.dylib
0x0000000004f49000 	/usr/lib/system/libkeymgr.dylib
0x0000000004f49000 	/usr/lib/system/liblaunch.dylib
0x0000000004f49000 	/usr/lib/system/libmacho.dylib
0x0000000004f49000 	/usr/lib/system/libquarantine.dylib
0x0000000004f49000 	/usr/lib/system/libremovefile.dylib
0x0000000004f49000 	/usr/lib/system/libsystem_asl.dylib
0x0000000004f49000 	/usr/lib/system/libsystem_blocks.dylib
0x0000000004f49000 	/usr/lib/system/libsystem_c.dylib
0x0000000004f49000 	/usr/lib/system/libsystem_configuration.dylib
0x0000000004f49000 	/usr/lib/system/libsystem_coreservices.dylib
0x0000000004f49000 	/usr/lib/system/libsystem_darwin.dylib
0x0000000004f49000 	/usr/lib/system/libsystem_dnssd.dylib
0x0000000004f49000 	/usr/lib/system/libsystem_info.dylib
0x0000000004f49000 	/usr/lib/system/libsystem_m.dylib
0x0000000004f49000 	/usr/lib/system/libsystem_malloc.dylib
0x0000000004f49000 	/usr/lib/system/libsystem_network.dylib
0x0000000004f49000 	/usr/lib/system/libsystem_networkextension.dylib
0x0000000004f49000 	/usr/lib/system/libsystem_notify.dylib
0x0000000004f49000 	/usr/lib/system/libsystem_sandbox.dylib
0x0000000004f49000 	/usr/lib/system/libsystem_secinit.dylib
0x0000000004f49000 	/usr/lib/system/libsystem_kernel.dylib
0x0000000004f49000 	/usr/lib/system/libsystem_platform.dylib
0x0000000004f49000 	/usr/lib/system/libsystem_pthread.dylib
0x0000000004f49000 	/usr/lib/system/libsystem_symptoms.dylib
0x0000000004f49000 	/usr/lib/system/libsystem_trace.dylib
0x0000000004f49000 	/usr/lib/system/libunwind.dylib
0x0000000004f49000 	/usr/lib/system/libxpc.dylib
0x0000000004f49000 	/usr/lib/closure/libclosured.dylib
0x0000000004f49000 	/usr/lib/libbsm.0.dylib
0x0000000004f49000 	/usr/lib/system/libkxld.dylib
0x0000000004f49000 	/usr/lib/libOpenScriptingUtil.dylib
0x0000000004f49000 	/usr/lib/libcoretls.dylib
0x0000000004f49000 	/usr/lib/libcoretls_cfhelpers.dylib
0x0000000004f49000 	/usr/lib/libpam.2.dylib
0x0000000004f49000 	/usr/lib/libsqlite3.dylib
0x0000000004f49000 	/usr/lib/libxar.1.dylib
0x0000000004f49000 	/usr/lib/libbz2.1.0.dylib
0x0000000004f49000 	/usr/lib/liblzma.5.dylib
0x0000000004f49000 	/usr/lib/libnetwork.dylib
0x0000000004f49000 	/usr/lib/libapple_nghttp2.dylib
0x0000000004f49000 	/usr/lib/libpcap.A.dylib
0x0000000004f49000 	/usr/lib/libboringssl.dylib
0x0000000004f49000 	/usr/lib/libusrtcp.dylib
0x0000000004f49000 	/usr/lib/libapple_crypto.dylib
0x0000000004f49000 	/System/Library/Frameworks/CoreServices.framework/Versions/A/Frameworks/FSEvents.framework/Versions/A/FSEvents
0x0000000004f49000 	/System/Library/Frameworks/CoreServices.framework/Versions/A/Frameworks/CarbonCore.framework/Versions/A/CarbonCore
0x0000000004f49000 	/System/Library/Frameworks/CoreServices.framework/Versions/A/Frameworks/Metadata.framework/Versions/A/Metadata
0x0000000004f49000 	/System/Library/Frameworks/CoreServices.framework/Versions/A/Frameworks/OSServices.framework/Versions/A/OSServices
0x0000000004f49000 	/System/Library/Frameworks/CoreServices.framework/Versions/A/Frameworks/SearchKit.framework/Versions/A/SearchKit
0x0000000004f49000 	/System/Library/Frameworks/CoreServices.framework/Versions/A/Frameworks/AE.framework/Versions/A/AE
0x0000000004f49000 	/System/Library/Frameworks/CoreServices.framework/Versions/A/Frameworks/LaunchServices.framework/Versions/A/LaunchServices
0x0000000004f49000 	/System/Library/Frameworks/CoreServices.framework/Versions/A/Frameworks/DictionaryServices.framework/Versions/A/DictionaryServices
0x0000000004f49000 	/System/Library/Frameworks/CoreServices.framework/Versions/A/Frameworks/SharedFileList.framework/Versions/A/SharedFileList
0x0000000004f49000 	/System/Library/Frameworks/NetFS.framework/Versions/A/NetFS
0x0000000004f49000 	/System/Library/PrivateFrameworks/NetAuth.framework/Versions/A/NetAuth
0x0000000004f49000 	/System/Library/PrivateFrameworks/login.framework/Versions/A/Frameworks/loginsupport.framework/Versions/A/loginsupport
0x0000000004f49000 	/System/Library/PrivateFrameworks/TCC.framework/Versions/A/TCC
0x0000000004f49000 	/usr/lib/libmecabra.dylib
0x0000000004f49000 	/System/Library/Frameworks/ApplicationServices.framework/Versions/A/Frameworks/ATS.framework/Versions/A/ATS
0x0000000004f49000 	/System/Library/Frameworks/ApplicationServices.framework/Versions/A/Frameworks/ColorSyncLegacy.framework/Versions/A/ColorSyncLegacy
0x0000000004f49000 	/System/Library/Frameworks/ApplicationServices.framework/Versions/A/Frameworks/HIServices.framework/Versions/A/HIServices
0x0000000004f49000 	/System/Library/Frameworks/ApplicationServices.framework/Versions/A/Frameworks/LangAnalysis.framework/Versions/A/LangAnalysis
0x0000000004f49000 	/System/Library/Frameworks/ApplicationServices.framework/Versions/A/Frameworks/PrintCore.framework/Versions/A/PrintCore
0x0000000004f49000 	/System/Library/Frameworks/ApplicationServices.framework/Versions/A/Frameworks/QD.framework/Versions/A/QD
0x0000000004f49000 	/System/Library/Frameworks/ApplicationServices.framework/Versions/A/Frameworks/SpeechSynthesis.framework/Versions/A/SpeechSynthesis
0x0000000004f49000 	/System/Library/Frameworks/CoreDisplay.framework/Versions/A/CoreDisplay
0x0000000004f49000 	/System/Library/Frameworks/Accelerate.framework/Versions/A/Frameworks/vImage.framework/Versions/A/vImage
0x0000000004f49000 	/System/Library/Frameworks/Accelerate.framework/Versions/A/Frameworks/vecLib.framework/Versions/A/vecLib
0x0000000004f49000 	/System/Library/Frameworks/Accelerate.framework/Versions/A/Frameworks/vecLib.framework/Versions/A/libvDSP.dylib
0x0000000004f49000 	/System/Library/Frameworks/Accelerate.framework/Versions/A/Frameworks/vecLib.framework/Versions/A/libBNNS.dylib
0x0000000004f49000 	/System/Library/Frameworks/Accelerate.framework/Versions/A/Frameworks/vecLib.framework/Versions/A/libQuadrature.dylib
0x0000000004f49000 	/System/Library/Frameworks/Accelerate.framework/Versions/A/Frameworks/vecLib.framework/Versions/A/libvMisc.dylib
0x0000000004f49000 	/System/Library/Frameworks/Accelerate.framework/Versions/A/Frameworks/vecLib.framework/Versions/A/libLAPACK.dylib
0x0000000004f49000 	/System/Library/Frameworks/Accelerate.framework/Versions/A/Frameworks/vecLib.framework/Versions/A/libBLAS.dylib
0x0000000004f49000 	/System/Library/Frameworks/Accelerate.framework/Versions/A/Frameworks/vecLib.framework/Versions/A/libLinearAlgebra.dylib
0x0000000004f49000 	/System/Library/Frameworks/Accelerate.framework/Versions/A/Frameworks/vecLib.framework/Versions/A/libSparse.dylib
0x0000000004f49000 	/System/Library/Frameworks/Accelerate.framework/Versions/A/Frameworks/vecLib.framework/Versions/A/libSparseBLAS.dylib
0x0000000004f49000 	/System/Library/PrivateFrameworks/IOAccelerator.framework/Versions/A/IOAccelerator
0x0000000004f49000 	/System/Library/PrivateFrameworks/IOPresentment.framework/Versions/A/IOPresentment
0x0000000004f49000 	/System/Library/PrivateFrameworks/DSExternalDisplay.framework/Versions/A/DSExternalDisplay
0x0000000004f49000 	/System/Library/Frameworks/OpenGL.framework/Versions/A/Libraries/libCoreFSCache.dylib
0x0000000004f49000 	/System/Library/Frameworks/CoreVideo.framework/Versions/A/CoreVideo
0x0000000004f49000 	/System/Library/PrivateFrameworks/GraphVisualizer.framework/Versions/A/GraphVisualizer
0x0000000004f49000 	/System/Library/Frameworks/MetalPerformanceShaders.framework/Versions/A/MetalPerformanceShaders
0x0000000004f49000 	/usr/lib/libFosl_dynamic.dylib
0x0000000004f49000 	/System/Library/PrivateFrameworks/FaceCore.framework/Versions/A/FaceCore
0x0000000004f49000 	/System/Library/Frameworks/OpenCL.framework/Versions/A/OpenCL
0x0000000004f49000 	/usr/lib/libcompression.dylib
0x0000000004f49000 	/System/Library/Frameworks/ApplicationServices.framework/Versions/A/Frameworks/ATS.framework/Versions/A/Resources/libFontParser.dylib
0x0000000004f49000 	/System/Library/Frameworks/ApplicationServices.framework/Versions/A/Frameworks/ATS.framework/Versions/A/Resources/libFontRegistry.dylib
0x0000000004f49000 	/System/Library/Frameworks/ImageIO.framework/Versions/A/Resources/libJPEG.dylib
0x0000000004f49000 	/System/Library/Frameworks/ImageIO.framework/Versions/A/Resources/libTIFF.dylib
0x0000000004f49000 	/System/Library/Frameworks/ImageIO.framework/Versions/A/Resources/libPng.dylib
0x0000000004f49000 	/System/Library/Frameworks/ImageIO.framework/Versions/A/Resources/libGIF.dylib
0x0000000004f49000 	/System/Library/Frameworks/ImageIO.framework/Versions/A/Resources/libJP2.dylib
0x0000000004f49000 	/System/Library/Frameworks/ImageIO.framework/Versions/A/Resources/libRadiance.dylib
0x0000000004f49000 	/System/Library/PrivateFrameworks/AppleJPEG.framework/Versions/A/AppleJPEG
0x0000000004f49000 	/System/Library/PrivateFrameworks/MetalTools.framework/Versions/A/MetalTools
0x0000000004f49000 	/System/Library/Frameworks/MetalPerformanceShaders.framework/Frameworks/MPSCore.framework/Versions/A/MPSCore
0x0000000004f49000 	/System/Library/Frameworks/MetalPerformanceShaders.framework/Frameworks/MPSImage.framework/Versions/A/MPSImage
0x0000000004f49000 	/System/Library/Frameworks/MetalPerformanceShaders.framework/Frameworks/MPSMatrix.framework/Versions/A/MPSMatrix
0x0000000004f49000 	/System/Library/Frameworks/MetalPerformanceShaders.framework/Frameworks/MPSNeuralNetwork.framework/Versions/A/MPSNeuralNetwork
0x0000000004f49000 	/System/Library/Frameworks/OpenGL.framework/Versions/A/Libraries/libGLU.dylib
0x0000000004f49000 	/System/Library/Frameworks/OpenGL.framework/Versions/A/Libraries/libGFXShared.dylib
0x0000000004f49000 	/System/Library/Frameworks/OpenGL.framework/Versions/A/Libraries/libGL.dylib
0x0000000004f49000 	/System/Library/Frameworks/OpenGL.framework/Versions/A/Libraries/libGLImage.dylib
0x0000000004f49000 	/System/Library/Frameworks/OpenGL.framework/Versions/A/Libraries/libCVMSPluginSupport.dylib
0x0000000004f49000 	/System/Library/Frameworks/OpenGL.framework/Versions/A/Libraries/libCoreVMClient.dylib
0x0000000004f49000 	/usr/lib/libcups.2.dylib
0x0000000004f49000 	/System/Library/Frameworks/Kerberos.framework/Versions/A/Kerberos
0x0000000004f49000 	/System/Library/Frameworks/GSS.framework/Versions/A/GSS
0x0000000004f49000 	/usr/lib/libresolv.9.dylib
0x0000000004f49000 	/usr/lib/libiconv.2.dylib
0x0000000004f49000 	/System/Library/PrivateFrameworks/Heimdal.framework/Versions/A/Heimdal
0x0000000004f49000 	/usr/lib/libheimdal-asn1.dylib
0x0000000004f49000 	/System/Library/Frameworks/OpenDirectory.framework/Versions/A/OpenDirectory
0x0000000004f49000 	/System/Library/PrivateFrameworks/CommonAuth.framework/Versions/A/CommonAuth
0x0000000004f49000 	/System/Library/Frameworks/OpenDirectory.framework/Versions/A/Frameworks/CFOpenDirectory.framework/Versions/A/CFOpenDirectory
0x0000000004f49000 	/System/Library/Frameworks/SecurityFoundation.framework/Versions/A/SecurityFoundation
0x0000000004f49000 	/System/Library/PrivateFrameworks/APFS.framework/Versions/A/APFS
0x0000000004f49000 	/usr/lib/libutil.dylib
0x0000000004f49000 	/System/Library/PrivateFrameworks/AppleSauce.framework/Versions/A/AppleSauce
0x0000000004f49000 	/System/Library/PrivateFrameworks/LinguisticData.framework/Versions/A/LinguisticData
0x0000000004f49000 	/usr/lib/libmarisa.dylib
0x0000000004f49000 	/System/Library/PrivateFrameworks/Lexicon.framework/Versions/A/Lexicon
0x0000000004f49000 	/usr/lib/libChineseTokenizer.dylib
0x0000000004f49000 	/usr/lib/libcmph.dylib
0x0000000004f49000 	/System/Library/PrivateFrameworks/LanguageModeling.framework/Versions/A/LanguageModeling
0x0000000004f49000 	/System/Library/PrivateFrameworks/CoreEmoji.framework/Versions/A/CoreEmoji
0x0000000004f49000 	/System/Library/Frameworks/ServiceManagement.framework/Versions/A/ServiceManagement
0x0000000004f49000 	/System/Library/PrivateFrameworks/BackgroundTaskManagement.framework/Versions/A/BackgroundTaskManagement
0x0000000004f49000 	/usr/lib/libxslt.1.dylib
0x0000000004f49000 	/System/Library/Frameworks/Carbon.framework/Versions/A/Frameworks/Ink.framework/Versions/A/Ink
0x0000000004f49000 	/System/Library/PrivateFrameworks/TextureIO.framework/Versions/A/TextureIO
0x0000000004f49000 	/usr/lib/libate.dylib
0x0000000004f49000 	/System/Library/PrivateFrameworks/CrashReporterSupport.framework/Versions/A/CrashReporterSupport
0x0000000004f49000 	/System/Library/PrivateFrameworks/Sharing.framework/Versions/A/Sharing
0x0000000004f49000 	/System/Library/PrivateFrameworks/IconServices.framework/Versions/A/IconServices
0x0000000004f49000 	/System/Library/PrivateFrameworks/ProtocolBuffer.framework/Versions/A/ProtocolBuffer
0x0000000004f49000 	/System/Library/PrivateFrameworks/Apple80211.framework/Versions/A/Apple80211
0x0000000004f49000 	/System/Library/Frameworks/CoreWLAN.framework/Versions/A/CoreWLAN
0x0000000004f49000 	/System/Library/PrivateFrameworks/CoreUtils.framework/Versions/A/CoreUtils
0x0000000004f49000 	/System/Library/Frameworks/IOBluetooth.framework/Versions/A/IOBluetooth
0x0000000004f49000 	/System/Library/PrivateFrameworks/CoreWiFi.framework/Versions/A/CoreWiFi
0x0000000004f49000 	/System/Library/Frameworks/CoreBluetooth.framework/Versions/A/CoreBluetooth
0x0000000004f49000 	/System/Library/PrivateFrameworks/SignpostNotification.framework/Versions/A/SignpostNotification
0x0000000004f49000 	/System/Library/PrivateFrameworks/DebugSymbols.framework/Versions/A/DebugSymbols
0x0000000004f49000 	/System/Library/PrivateFrameworks/CoreSymbolication.framework/Versions/A/CoreSymbolication
0x0000000004f49000 	/System/Library/PrivateFrameworks/Symbolication.framework/Versions/A/Symbolication
0x0000000004f49000 	/System/Library/PrivateFrameworks/AppleFSCompression.framework/Versions/A/AppleFSCompression
0x0000000004f49000 	/System/Library/PrivateFrameworks/SpeechRecognitionCore.framework/Versions/A/SpeechRecognitionCore
0x0000000004f49000 	/System/Library/CoreServices/Encodings/libLatin2Converter.dylib
0x0000000109000000 	/Library/Java/JavaVirtualMachines/jdk1.8.0_25.jdk/Contents/Home/jre/lib/server/libjvm.dylib
0x0000000004f49000 	/usr/lib/libstdc++.6.0.9.dylib
0x00000001087e0000 	/Library/Java/JavaVirtualMachines/jdk1.8.0_25.jdk/Contents/Home/jre/lib/libverify.dylib
0x0000000109f1c000 	/Library/Java/JavaVirtualMachines/jdk1.8.0_25.jdk/Contents/Home/jre/lib/libjava.dylib
0x0000000109f50000 	/Library/Java/JavaVirtualMachines/jdk1.8.0_25.jdk/Contents/Home/jre/lib/libjdwp.dylib
0x00000001087ef000 	/Library/Java/JavaVirtualMachines/jdk1.8.0_25.jdk/Contents/Home/jre/lib/libnpt.dylib
0x0000000109fdb000 	/Library/Java/JavaVirtualMachines/jdk1.8.0_25.jdk/Contents/Home/jre/lib/libzip.dylib
0x0000000004f49000 	/System/Library/Frameworks/JavaVM.framework/Versions/A/Frameworks/JavaRuntimeSupport.framework/Versions/A/JavaRuntimeSupport
0x0000000004f49000 	/System/Library/Frameworks/JavaVM.framework/Versions/A/Frameworks/JavaNativeFoundation.framework/Versions/A/JavaNativeFoundation
0x0000000004f49000 	/System/Library/Frameworks/JavaVM.framework/Versions/A/JavaVM
0x0000000004f49000 	/System/Library/Frameworks/Carbon.framework/Versions/A/Carbon
0x0000000004f49000 	/System/Library/PrivateFrameworks/JavaLaunching.framework/Versions/A/JavaLaunching
0x0000000004f49000 	/System/Library/Frameworks/Carbon.framework/Versions/A/Frameworks/CommonPanels.framework/Versions/A/CommonPanels
0x0000000004f49000 	/System/Library/Frameworks/Carbon.framework/Versions/A/Frameworks/Help.framework/Versions/A/Help
0x0000000004f49000 	/System/Library/Frameworks/Carbon.framework/Versions/A/Frameworks/ImageCapture.framework/Versions/A/ImageCapture
0x0000000004f49000 	/System/Library/Frameworks/Carbon.framework/Versions/A/Frameworks/OpenScripting.framework/Versions/A/OpenScripting
0x0000000004f49000 	/System/Library/Frameworks/Carbon.framework/Versions/A/Frameworks/Print.framework/Versions/A/Print
0x0000000004f49000 	/System/Library/Frameworks/Carbon.framework/Versions/A/Frameworks/SecurityHI.framework/Versions/A/SecurityHI
0x0000000125e42000 	/Library/Java/JavaVirtualMachines/jdk1.8.0_25.jdk/Contents/Home/jre/lib/libdt_socket.dylib
0x00000001264c0000 	/Library/Java/JavaVirtualMachines/jdk1.8.0_25.jdk/Contents/Home/jre/lib/libmanagement.dylib
0x00000001264cd000 	/Library/Java/JavaVirtualMachines/jdk1.8.0_25.jdk/Contents/Home/jre/lib/libnet.dylib
0x0000000126259000 	/Library/Java/JavaVirtualMachines/jdk1.8.0_25.jdk/Contents/Home/jre/lib/libnio.dylib

VM Arguments:
jvm_args: -agentlib:jdwp=transport=dt_socket,address=127.0.0.1:51965,suspend=y,server=n -Dvisualvm.id=80043078322759 -Dfile.encoding=UTF-8 
java_command: io.abdulklarapl.neural.example.Application --spring.output.ansi.enabled=always
java_class_path (initial): /Library/Java/JavaVirtualMachines/jdk1.8.0_25.jdk/Contents/Home/lib/ant-javafx.jar:/Library/Java/JavaVirtualMachines/jdk1.8.0_25.jdk/Contents/Home/lib/dt.jar:/Library/Java/JavaVirtualMachines/jdk1.8.0_25.jdk/Contents/Home/lib/javafx-mx.jar:/Library/Java/JavaVirtualMachines/jdk1.8.0_25.jdk/Contents/Home/lib/jconsole.jar:/Library/Java/JavaVirtualMachines/jdk1.8.0_25.jdk/Contents/Home/lib/sa-jdi.jar:/Library/Java/JavaVirtualMachines/jdk1.8.0_25.jdk/Contents/Home/lib/tools.jar:/Library/Java/JavaVirtualMachines/jdk1.8.0_25.jdk/Contents/Home/jre/lib/charsets.jar:/Library/Java/JavaVirtualMachines/jdk1.8.0_25.jdk/Contents/Home/jre/lib/deploy.jar:/Library/Java/JavaVirtualMachines/jdk1.8.0_25.jdk/Contents/Home/jre/lib/javaws.jar:/Library/Java/JavaVirtualMachines/jdk1.8.0_25.jdk/Contents/Home/jre/lib/jce.jar:/Library/Java/JavaVirtualMachines/jdk1.8.0_25.jdk/Contents/Home/jre/lib/jfr.jar:/Library/Java/JavaVirtualMachines/jdk1.8.0_25.jdk/Contents/Home/jre/lib/jfxswt.jar:/Library/Java/JavaVirtualMachines/jdk1.8.0_25.jdk/Contents/Home/jre/lib/jsse.jar:/Library/Java/JavaVirtualMachines/jdk1.8.0_25.jdk/Contents/Home/jre/lib/management-agent.jar:/Library/Java/JavaVirtualMachines/jdk1.8.0_25.jdk/Contents/Home/jre/lib/plugin.jar:/Library/Java/JavaVirtualMachines/jdk1.8.0_25.jdk/Contents/Home/jre/lib/resources.jar:/Library/Java/JavaVirtualMachines/jdk1.8.0_25.jdk/Contents/Home/jre/lib/rt.jar:/Library/Java/JavaVirtualMachines/jdk1.8.0_25.jdk/Contents/Home/jre/lib/ext/cldrdata.jar:/Library/Java/JavaVirtualMachines/jdk1.8.0_25.jdk/Contents/Home/jre/lib/ext/dnsns.jar:/Library/Java/JavaVirtualMachines/jdk1.8.0_25.jdk/Contents/Home/jre/lib/ext/jfxrt.jar:/Library/Java/JavaVirtualMachines/jdk1.8.0_25.jdk/Contents/Home/jre/lib/ext/localedata.jar:/Library/Java/JavaVirtualMachines/jdk1.8.0_25.jdk/Contents/Home/jre/lib/ext/nashorn.jar:/Library/Java/JavaVirtualMachines/jdk1.8.0_25.jdk/Contents/Home/jre/lib/ext/sunec.jar:/Library/Java/JavaVirtualMachines/jdk1.8.0_25.jdk/C
Launcher Type: SUN_STANDARD

Environment Variables:
JAVA_HOME=/Library/Java/JavaVirtualMachines/jdk1.8.0_25.jdk/Contents/Home/
PATH=”/Applications/oracle/product/instantclient_64/11.2.0.4.0″/bin:/usr/local/bin:/opt/local/bin:/opt/local/sbin:/Users/abdulklara/Documents/sonarQube/sonar-runner-2.4/bin:/Users/abdulklara:/usr/bin:/bin:/usr/sbin:/sbin
SHELL=/bin/bash
DISPLAY=localhost:1.0

Signal Handlers:
SIGSEGV: [libjvm.dylib+0x579dc7], sa_mask[0]=11111111011111110111111111111111, sa_flags=SA_ONSTACK|SA_RESTART|SA_SIGINFO
SIGBUS: [libjvm.dylib+0x579dc7], sa_mask[0]=11111111011111110111111111111111, sa_flags=SA_RESTART|SA_SIGINFO
SIGFPE: [libjvm.dylib+0x45b030], sa_mask[0]=11111111011111110111111111111111, sa_flags=SA_RESTART|SA_SIGINFO
SIGPIPE: [libjvm.dylib+0x45b030], sa_mask[0]=11111111011111110111111111111111, sa_flags=SA_RESTART|SA_SIGINFO
SIGXFSZ: [libjvm.dylib+0x45b030], sa_mask[0]=11111111011111110111111111111111, sa_flags=SA_RESTART|SA_SIGINFO
SIGILL: [libjvm.dylib+0x45b030], sa_mask[0]=11111111011111110111111111111111, sa_flags=SA_RESTART|SA_SIGINFO
SIGUSR1: SIG_DFL, sa_mask[0]=00000000000000000000000000000000, sa_flags=none
SIGUSR2: [libjvm.dylib+0x45ab4e], sa_mask[0]=00100000000000000000000000000000, sa_flags=SA_RESTART|SA_SIGINFO
SIGHUP: [libjvm.dylib+0x459121], sa_mask[0]=11111111011111110111111111111111, sa_flags=SA_RESTART|SA_SIGINFO
SIGINT: [libjvm.dylib+0x459121], sa_mask[0]=11111111011111110111111111111111, sa_flags=SA_RESTART|SA_SIGINFO
SIGTERM: [libjvm.dylib+0x459121], sa_mask[0]=11111111011111110111111111111111, sa_flags=SA_RESTART|SA_SIGINFO
SIGQUIT: [libjvm.dylib+0x459121], sa_mask[0]=11111111011111110111111111111111, sa_flags=SA_RESTART|SA_SIGINFO


---------------  S Y S T E M  ---------------

OS:Bsduname:Darwin 17.2.0 Darwin Kernel Version 17.2.0: Fri Sep 29 18:27:05 PDT 2017; root:xnu-4570.20.62~3/RELEASE_X86_64 x86_64
rlimit: STACK 8192k, CORE 0k, NPROC 1418, NOFILE 10240, AS infinity
load average:6.62 5.91 5.82

CPU:total 4 (2 cores per cpu, 2 threads per core) family 6 model 69 stepping 1, cmov, cx8, fxsr, mmx, sse, sse2, sse3, ssse3, sse4.1, sse4.2, popcnt, avx, avx2, aes, clmul, erms, lzcnt, ht, tsc, tscinvbit, bmi1, bmi2

Memory: 4k page, physical 16777216k(558256k free)

/proc/meminfo:


vm_info: Java HotSpot(TM) 64-Bit Server VM (25.25-b02) for bsd-amd64 JRE (1.8.0_25-b17), built on Sep 17 2014 16:56:50 by "java_re" with gcc 4.2.1 (Based on Apple Inc. build 5658) (LLVM build 2336.11.00)

time: Thu Nov  9 17:53:04 2017
elapsed time: 456 seconds (0d 0h 7m 36s)

